<?xml version="1.0" encoding="utf-8" ?>
<!-- DO NOT EDIT THIS FILE -->

<log version='2.0' source='tcet'>
	<!-- Opened annotation file /home/enrique/intel/oneapi/advisor/2022.3.0/lib64/../config/tc/map.ant -->
	<!-- Opened annotation file /home/enrique/intel/oneapi/advisor/2022.3.0/lib64/../config/tc/allocators.ant -->
	<msg id='1' display='false' source='map'>
		<type>START</type>
		<severity>INFO</severity>
		<timestamp>Sat Oct 29 01:46:01 2022</timestamp>
	</msg>
	<!-- Successfully loaded CCRT 13.15.2 at address 0x7fbddc21a000 - 0x7fbddc21d000 -->
	<!-- Successfully loaded the TC Analysis Core 8.21.2 at address 0x7fbdd9df5000 - 0x7fbdd9e55000 -->
	<!-- Successfully loaded the TC Instrumentation Engine 8.21.2 at address 0x7fbddc226000 - 0x7fbddc49a000 -->
	<!-- Environment: INTEL_LIBITTNOTIFY32=/home/enrique/intel/oneapi/advisor/2022.3.0/lib32/runtime/libittnotify.so -->
	<!-- Environment: INTEL_LIBITTNOTIFY64=/home/enrique/intel/oneapi/advisor/2022.3.0/lib64/runtime/libittnotify.so -->
	<!-- Environment: INTEL_JIT_PROFILER32=/home/enrique/intel/oneapi/advisor/2022.3.0/lib32/libpinjitprofiling.so -->
	<!-- Environment: INTEL_JIT_PROFILER64=/home/enrique/intel/oneapi/advisor/2022.3.0/lib64/libpinjitprofiling.so -->
	<!-- This is the instance of interest -->
	<msg id='2' source='tcet'>
		<type>EXEC_OF_INTEREST</type>
		<severity>INFO</severity>
		<timestamp>Sat Oct 29 01:46:01 2022</timestamp>
		<arg name='process'>/home/enrique/Desktop/lab1-bc-enriquealbalateprieto/src/ejecutable.exe</arg>
		<arg name='pid'>8269</arg>
	</msg>
	<msg id='3' source='tcet'>
		<type>LOAD_MODULE</type>
		<severity>INFO</severity>
		<timestamp>Sat Oct 29 01:46:01 2022</timestamp>
		<arg name='module'>/home/enrique/Desktop/lab1-bc-enriquealbalateprieto/src/ejecutable.exe</arg>
		<arg name='basement'>0x563617a6e000</arg>
		<arg name='ceiling'>0x563617a721a7</arg>
		<arg name='id'>1</arg>
	</msg>
	<msg id='4' source='tcet'>
		<type>LOAD_MODULE</type>
		<severity>INFO</severity>
		<timestamp>Sat Oct 29 01:46:01 2022</timestamp>
		<arg name='module'>/lib64/ld-linux-x86-64.so.2</arg>
		<arg name='basement'>0x7fbdde927000</arg>
		<arg name='ceiling'>0x7fbdde95618f</arg>
		<arg name='id'>2</arg>
	</msg>
	<msg id='5' source='tcet'>
		<type>LOAD_MODULE</type>
		<severity>INFO</severity>
		<timestamp>Sat Oct 29 01:46:01 2022</timestamp>
		<arg name='module'>[vdso]</arg>
		<arg name='basement'>0x7ffc84d20000</arg>
		<arg name='ceiling'>0x7ffc84d210eb</arg>
		<arg name='id'>3</arg>
	</msg>
	<msg id='6' source='tcet'>
		<type>LOAD_MODULE</type>
		<severity>INFO</severity>
		<timestamp>Sat Oct 29 01:46:01 2022</timestamp>
		<arg name='module'>/lib/x86_64-linux-gnu/libgomp.so.1</arg>
		<arg name='basement'>0x7fbdc7ff9000</arg>
		<arg name='ceiling'>0x7fbdc803a92f</arg>
		<arg name='id'>4</arg>
	</msg>
	<msg id='7' source='tcet'>
		<type>UNSUPPORTED_MODULE</type>
		<severity>WARNING</severity>
		<timestamp>Sat Oct 29 01:46:01 2022</timestamp>
		<arg name='desc'>GNU OpenMP Runtime module</arg>
	</msg>
	<msg id='8' source='tcet'>
		<type>LOAD_MODULE</type>
		<severity>INFO</severity>
		<timestamp>Sat Oct 29 01:46:01 2022</timestamp>
		<arg name='module'>/lib/x86_64-linux-gnu/libstdc++.so.6</arg>
		<arg name='basement'>0x7fbdc7d73000</arg>
		<arg name='ceiling'>0x7fbdc7f547ff</arg>
		<arg name='id'>5</arg>
	</msg>
	<msg id='9' source='tcet'>
		<type>LOAD_MODULE</type>
		<severity>INFO</severity>
		<timestamp>Sat Oct 29 01:46:01 2022</timestamp>
		<arg name='module'>/lib/x86_64-linux-gnu/libm.so.6</arg>
		<arg name='basement'>0x7fbdc7bd2000</arg>
		<arg name='ceiling'>0x7fbdc7d2010f</arg>
		<arg name='id'>6</arg>
	</msg>
	<msg id='10' source='tcet'>
		<type>LOAD_MODULE</type>
		<severity>INFO</severity>
		<timestamp>Sat Oct 29 01:46:01 2022</timestamp>
		<arg name='module'>/lib/x86_64-linux-gnu/libc.so.6</arg>
		<arg name='basement'>0x7fbdc79bf000</arg>
		<arg name='ceiling'>0x7fbdc7bb04d7</arg>
		<arg name='id'>7</arg>
	</msg>
	<msg id='11' source='tcet'>
		<type>LOAD_MODULE</type>
		<severity>INFO</severity>
		<timestamp>Sat Oct 29 01:46:01 2022</timestamp>
		<arg name='module'>/lib/x86_64-linux-gnu/libdl.so.2</arg>
		<arg name='basement'>0x7fbdc7d2b000</arg>
		<arg name='ceiling'>0x7fbdc7d3010f</arg>
		<arg name='id'>8</arg>
	</msg>
	<msg id='12' source='tcet'>
		<type>LOAD_MODULE</type>
		<severity>INFO</severity>
		<timestamp>Sat Oct 29 01:46:01 2022</timestamp>
		<arg name='module'>/lib/x86_64-linux-gnu/libpthread.so.0</arg>
		<arg name='basement'>0x7fbdc7975000</arg>
		<arg name='ceiling'>0x7fbdc7997477</arg>
		<arg name='id'>9</arg>
	</msg>
	<msg id='13' source='tcet'>
		<type>LOAD_MODULE</type>
		<severity>INFO</severity>
		<timestamp>Sat Oct 29 01:46:01 2022</timestamp>
		<arg name='module'>/lib/x86_64-linux-gnu/libgcc_s.so.1</arg>
		<arg name='basement'>0x7fbdc795a000</arg>
		<arg name='ceiling'>0x7fbdc7974447</arg>
		<arg name='id'>10</arg>
	</msg>
	<msg id='14' source='tcet'>
		<type>UNLOAD_MODULE</type>
		<severity>INFO</severity>
		<timestamp>Sat Oct 29 01:46:02 2022</timestamp>
		<arg name='module'>/home/enrique/Desktop/lab1-bc-enriquealbalateprieto/src/ejecutable.exe</arg>
		<arg name='id'>1</arg>
	</msg>
	<msg id='15' source='tcet'>
		<type>UNLOAD_MODULE</type>
		<severity>INFO</severity>
		<timestamp>Sat Oct 29 01:46:02 2022</timestamp>
		<arg name='module'>/lib64/ld-linux-x86-64.so.2</arg>
		<arg name='id'>2</arg>
	</msg>
	<msg id='16' source='tcet'>
		<type>UNLOAD_MODULE</type>
		<severity>INFO</severity>
		<timestamp>Sat Oct 29 01:46:02 2022</timestamp>
		<arg name='module'>[vdso]</arg>
		<arg name='id'>3</arg>
	</msg>
	<msg id='17' source='tcet'>
		<type>UNLOAD_MODULE</type>
		<severity>INFO</severity>
		<timestamp>Sat Oct 29 01:46:02 2022</timestamp>
		<arg name='module'>/lib/x86_64-linux-gnu/libgomp.so.1</arg>
		<arg name='id'>4</arg>
	</msg>
	<msg id='18' source='tcet'>
		<type>UNLOAD_MODULE</type>
		<severity>INFO</severity>
		<timestamp>Sat Oct 29 01:46:02 2022</timestamp>
		<arg name='module'>/lib/x86_64-linux-gnu/libstdc++.so.6</arg>
		<arg name='id'>5</arg>
	</msg>
	<msg id='19' source='tcet'>
		<type>UNLOAD_MODULE</type>
		<severity>INFO</severity>
		<timestamp>Sat Oct 29 01:46:02 2022</timestamp>
		<arg name='module'>/lib/x86_64-linux-gnu/libm.so.6</arg>
		<arg name='id'>6</arg>
	</msg>
	<msg id='20' source='tcet'>
		<type>UNLOAD_MODULE</type>
		<severity>INFO</severity>
		<timestamp>Sat Oct 29 01:46:02 2022</timestamp>
		<arg name='module'>/lib/x86_64-linux-gnu/libc.so.6</arg>
		<arg name='id'>7</arg>
	</msg>
	<msg id='21' source='tcet'>
		<type>UNLOAD_MODULE</type>
		<severity>INFO</severity>
		<timestamp>Sat Oct 29 01:46:02 2022</timestamp>
		<arg name='module'>/lib/x86_64-linux-gnu/libdl.so.2</arg>
		<arg name='id'>8</arg>
	</msg>
	<msg id='22' source='tcet'>
		<type>UNLOAD_MODULE</type>
		<severity>INFO</severity>
		<timestamp>Sat Oct 29 01:46:02 2022</timestamp>
		<arg name='module'>/lib/x86_64-linux-gnu/libpthread.so.0</arg>
		<arg name='id'>9</arg>
	</msg>
	<msg id='23' source='tcet'>
		<type>UNLOAD_MODULE</type>
		<severity>INFO</severity>
		<timestamp>Sat Oct 29 01:46:02 2022</timestamp>
		<arg name='module'>/lib/x86_64-linux-gnu/libgcc_s.so.1</arg>
		<arg name='id'>10</arg>
	</msg>
	<msg id='24' source='tcet'>
		<type>PROCESS_TERMINATE</type>
		<severity>INFO</severity>
		<timestamp>Sat Oct 29 01:46:02 2022</timestamp>
		<arg name='process'>/home/enrique/Desktop/lab1-bc-enriquealbalateprieto/src/ejecutable.exe</arg>
		<arg name='pid'>8269</arg>
	</msg>
	<msg id='25' source='map'>
		<type>NO_ANNOTATIONS</type>
		<severity>WARNING</severity>
		<timestamp>Sat Oct 29 01:46:02 2022</timestamp>
	</msg>
	<msg id='26' display='false' source='map'>
		<type>ANALYSIS_COMPLETE</type>
		<severity>INFO</severity>
		<timestamp>Sat Oct 29 01:46:02 2022</timestamp>
	</msg>
	<msg id='27' display='false' source='map'>
		<type>STOP</type>
		<severity>INFO</severity>
		<timestamp>Sat Oct 29 01:46:02 2022</timestamp>
	</msg>
</log>