<?xml version="1.0" encoding="utf-8"?>
<log version="1.0" tool="runtool">

<msg id="1" tool="runtool">
  <type>log-start</type>
  <arg>2022/10/29 01:45:30</arg>
</msg>
<msg id="2" tool="runtool">
  <type>bandwidth-measurement-starts</type>
</msg>
<msg id="3" tool="runtool">
  <type>bandwidth-measurement-done</type>
</msg>
<msg id="4" tool="runtool">
  <type>collector-starts</type>
</msg>
<msg id="5" tool="runtool">
  <type>marker-file</type>
  <arg>/home/enrique/intel/advixe/projects/lab1tarea2/e000/trc000/trc000.advixe</arg>
</msg>
<msg id="6" tool="trc">
  <type>PROCESS_START</type>
  <arg>/home/enrique/Desktop/lab1-bc-enriquealbalateprieto/src/ejecutable.exe</arg>
  <arg>8230</arg>
  <severity>INFO</severity>
  <timestamp>Sat Oct 29 01:45:41 2022</timestamp>
</msg>
<msg id="7" tool="trc">
  <type>PROCESS_ANALYSIS_MODE</type>
  <arg>full</arg>
  <severity>INFO</severity>
  <timestamp>Sat Oct 29 01:45:41 2022</timestamp>
</msg>
<msg id="8" tool="trc">
  <type>LOAD_MODULE</type>
  <arg>/home/enrique/Desktop/lab1-bc-enriquealbalateprieto/src/ejecutable.exe</arg>
  <arg>0x5565b292f000</arg>
  <arg>0x5565b29331a7</arg>
  <arg>yes</arg>
  <severity>INFO</severity>
  <timestamp>Sat Oct 29 01:45:41 2022</timestamp>
</msg>
<msg id="9" tool="trc">
  <type>LOAD_MODULE</type>
  <arg>/lib64/ld-linux-x86-64.so.2</arg>
  <arg>0x7f7b6a30e000</arg>
  <arg>0x7f7b6a33d18f</arg>
  <arg>no</arg>
  <severity>INFO</severity>
  <timestamp>Sat Oct 29 01:45:41 2022</timestamp>
</msg>
<msg id="10" tool="trc">
  <type>LOAD_MODULE</type>
  <arg>[vdso]</arg>
  <arg>0x7fff98ff4000</arg>
  <arg>0x7fff98ff50eb</arg>
  <arg>no</arg>
  <severity>INFO</severity>
  <timestamp>Sat Oct 29 01:45:41 2022</timestamp>
</msg>
<msg id="11" tool="trc">
  <type>LOAD_MODULE</type>
  <arg>/lib/x86_64-linux-gnu/libgomp.so.1</arg>
  <arg>0x7f7b53e7d000</arg>
  <arg>0x7f7b53ebe92f</arg>
  <arg>no</arg>
  <severity>INFO</severity>
  <timestamp>Sat Oct 29 01:45:41 2022</timestamp>
</msg>
<msg id="12" tool="trc">
  <type>LOAD_MODULE</type>
  <arg>/lib/x86_64-linux-gnu/libstdc++.so.6</arg>
  <arg>0x7f7b53c02000</arg>
  <arg>0x7f7b53de37ff</arg>
  <arg>no</arg>
  <severity>INFO</severity>
  <timestamp>Sat Oct 29 01:45:41 2022</timestamp>
</msg>
<msg id="13" tool="trc">
  <type>LOAD_MODULE</type>
  <arg>/lib/x86_64-linux-gnu/libm.so.6</arg>
  <arg>0x7f7b53a79000</arg>
  <arg>0x7f7b53bc710f</arg>
  <arg>no</arg>
  <severity>INFO</severity>
  <timestamp>Sat Oct 29 01:45:41 2022</timestamp>
</msg>
<msg id="14" tool="trc">
  <type>LOAD_MODULE</type>
  <arg>/lib/x86_64-linux-gnu/libc.so.6</arg>
  <arg>0x7f7b53866000</arg>
  <arg>0x7f7b53a574d7</arg>
  <arg>no</arg>
  <severity>INFO</severity>
  <timestamp>Sat Oct 29 01:45:41 2022</timestamp>
</msg>
<msg id="15" tool="trc">
  <type>LOAD_MODULE</type>
  <arg>/lib/x86_64-linux-gnu/libdl.so.2</arg>
  <arg>0x7f7b53860000</arg>
  <arg>0x7f7b5386510f</arg>
  <arg>no</arg>
  <severity>INFO</severity>
  <timestamp>Sat Oct 29 01:45:42 2022</timestamp>
</msg>
<msg id="16" tool="trc">
  <type>LOAD_MODULE</type>
  <arg>/lib/x86_64-linux-gnu/libpthread.so.0</arg>
  <arg>0x7f7b53825000</arg>
  <arg>0x7f7b53847477</arg>
  <arg>yes</arg>
  <severity>INFO</severity>
  <timestamp>Sat Oct 29 01:45:42 2022</timestamp>
</msg>
<msg id="17" tool="trc">
  <type>LOAD_MODULE</type>
  <arg>/lib/x86_64-linux-gnu/libgcc_s.so.1</arg>
  <arg>0x7f7b5380a000</arg>
  <arg>0x7f7b53824447</arg>
  <arg>no</arg>
  <severity>INFO</severity>
  <timestamp>Sat Oct 29 01:45:42 2022</timestamp>
</msg>
<msg id="18" tool="trc">
  <type>UNLOAD_MODULE</type>
  <arg>/home/enrique/Desktop/lab1-bc-enriquealbalateprieto/src/ejecutable.exe</arg>
  <severity>INFO</severity>
  <timestamp>Sat Oct 29 01:45:43 2022</timestamp>
</msg>
<msg id="19" tool="trc">
  <type>UNLOAD_MODULE</type>
  <arg>/lib64/ld-linux-x86-64.so.2</arg>
  <severity>INFO</severity>
  <timestamp>Sat Oct 29 01:45:43 2022</timestamp>
</msg>
<msg id="20" tool="trc">
  <type>UNLOAD_MODULE</type>
  <arg>[vdso]</arg>
  <severity>INFO</severity>
  <timestamp>Sat Oct 29 01:45:43 2022</timestamp>
</msg>
<msg id="21" tool="trc">
  <type>UNLOAD_MODULE</type>
  <arg>/lib/x86_64-linux-gnu/libgomp.so.1</arg>
  <severity>INFO</severity>
  <timestamp>Sat Oct 29 01:45:43 2022</timestamp>
</msg>
<msg id="22" tool="trc">
  <type>UNLOAD_MODULE</type>
  <arg>/lib/x86_64-linux-gnu/libstdc++.so.6</arg>
  <severity>INFO</severity>
  <timestamp>Sat Oct 29 01:45:43 2022</timestamp>
</msg>
<msg id="23" tool="trc">
  <type>UNLOAD_MODULE</type>
  <arg>/lib/x86_64-linux-gnu/libm.so.6</arg>
  <severity>INFO</severity>
  <timestamp>Sat Oct 29 01:45:43 2022</timestamp>
</msg>
<msg id="24" tool="trc">
  <type>UNLOAD_MODULE</type>
  <arg>/lib/x86_64-linux-gnu/libc.so.6</arg>
  <severity>INFO</severity>
  <timestamp>Sat Oct 29 01:45:43 2022</timestamp>
</msg>
<msg id="25" tool="trc">
  <type>UNLOAD_MODULE</type>
  <arg>/lib/x86_64-linux-gnu/libdl.so.2</arg>
  <severity>INFO</severity>
  <timestamp>Sat Oct 29 01:45:43 2022</timestamp>
</msg>
<msg id="26" tool="trc">
  <type>UNLOAD_MODULE</type>
  <arg>/lib/x86_64-linux-gnu/libpthread.so.0</arg>
  <severity>INFO</severity>
  <timestamp>Sat Oct 29 01:45:43 2022</timestamp>
</msg>
<msg id="27" tool="trc">
  <type>UNLOAD_MODULE</type>
  <arg>/lib/x86_64-linux-gnu/libgcc_s.so.1</arg>
  <severity>INFO</severity>
  <timestamp>Sat Oct 29 01:45:43 2022</timestamp>
</msg>
<msg id="28" tool="trc">
  <type>PROCESS_FINISH</type>
  <arg>/home/enrique/Desktop/lab1-bc-enriquealbalateprieto/src/ejecutable.exe</arg>
  <arg>8230</arg>
  <arg>0x0</arg>
  <severity>INFO</severity>
  <timestamp>Sat Oct 29 01:45:43 2022</timestamp>
</msg>
<msg id="29" tool="runtool">
  <type>app-exit-code</type>
  <arg>0</arg>
</msg>
<msg id="30" tool="runtool">
  <type>marker-file</type>
  <arg>/home/enrique/intel/advixe/projects/lab1tarea2/e000/trc000/trc000.advixe</arg>
</msg>
<msg id="31" tool="runtool">
  <type>collector-done</type>
</msg>
<msg id="32" tool="runtool">
  <type>log-end</type>
  <arg>2022/10/29 01:45:47</arg>
</msg>

</log>

