12 [140248242758592] INFO perfrun.launcher <> - Launcher main begin
18 [140248242758592] INFO perfrun.launcher <> - MessageCatalogInit finished
18 [140248242758592] INFO perfrun.launcher <> - Launcher instance created
18 [140248242758592] INFO perfrun.launcher <> - argc = 6; cmdline = /glob/development-tools/versions/oneapi/2022.3/oneapi/advisor/2022.3.0/bin64/advixe-runss -dump-vdso -r /home/u174572/lab1tarea3/e000/hs000 --tmp-dir /home/u174572/tmp/advixe-tmp-u174572 
111 [140248242758592] INFO perfrun.launcher <> - create msngr2::ICliToolContext
112 [140248242758592] INFO perfrun.launcher <> - create file finder object
118 [140248228902656] INFO perfrun.launcher <> - plugin [remoteplug] was disabled because it doesn't support the given collection type.
118 [140248228902656] INFO perfrun.launcher <> - plugin [system] was disabled because it doesn't support the given collection type.
118 [140248228902656] INFO perfrun.vdso <> - dumping [vdso] pseudomodule
129 [140248228902656] INFO perfrun.launcher <> - plugin [itt] was disabled because it doesn't support the given collection type.
129 [140248228902656] INFO perfrun.launcher <> - plugin [] was disabled because it doesn't support the given collection type.
129 [140248228902656] INFO perfrun.launcher <> - plugin [gpu] was disabled because it doesn't support the given collection type.
129 [140248228902656] INFO perfrun.launcher <> - plugin [] was disabled because it doesn't support the given collection type.
129 [140248228902656] INFO perfrun.launcher <> - plugin [] was disabled because it doesn't support the given collection type.
129 [140248228902656] INFO perfrun.launcher <> - plugin [] was disabled because it doesn't support the given collection type.
129 [140248228902656] INFO perfrun.launcher <> - plugin [mrte] was disabled because it doesn't support the given collection type.
129 [140248228902656] INFO perfrun.launcher <> - plugin [] was disabled because it doesn't support the given collection type.
129 [140248228902656] INFO perfrun.launcher <> - plugin [] was disabled because it doesn't support the given collection type.
129 [140248228902656] INFO perfrun.launcher <> - plugin [] was disabled because it doesn't support the given collection type.
129 [140248228902656] INFO perfrun.launcher <> - plugin [] was disabled because it doesn't support the given collection type.
129 [140248228902656] INFO perfrun.launcher <> - plugin [] was disabled because it doesn't support the given collection type.
129 [140248228902656] INFO perfrun.launcher <> - plugin [] was disabled because it doesn't support the given collection type.
129 [140248228902656] INFO perfrun.launcher <> - plugin [] was disabled because it doesn't support the given collection type.
129 [140248228902656] INFO perfrun.launcher <> - plugin [tpss] was disabled because it doesn't support the given collection type.
129 [140248228902656] INFO perfrun.launcher <> - plugin [] was disabled because it doesn't support the given collection type.
129 [140248228902656] INFO perfrun.launcher <> - plugin [] was disabled because it doesn't support the given collection type.
129 [140248228902656] INFO perfrun.launcher <> - plugin [] was disabled because it doesn't support the given collection type.
129 [140248228902656] INFO perfrun.launcher <> - plugin [] was disabled because it doesn't support the given collection type.
129 [140248228902656] INFO perfrun.launcher <> - plugin [] was disabled because it doesn't support the given collection type.
130 [140248228902656] INFO perfrun.launcher <> - plugin [] was disabled because it doesn't support the given collection type.
130 [140248228902656] INFO perfrun.launcher <> - plugin [] was disabled because it doesn't support the given collection type.
130 [140248228902656] INFO perfrun.launcher <> - plugin [] was disabled because it doesn't support the given collection type.
130 [140248228902656] INFO perfrun.launcher <> - plugin [] was disabled because it doesn't support the given collection type.
130 [140248242758592] INFO perfrun.launcher <> - Application exit code: 0
130 [140248242758592] INFO perfrun.launcher <> - Exit code: 0
