8 [140399268472768] INFO perfrun.launcher <> - Launcher main begin
9 [140399268472768] INFO perfrun.launcher <> - MessageCatalogInit finished
9 [140399268472768] INFO perfrun.launcher <> - Launcher instance created
9 [140399268472768] INFO perfrun.launcher <> - argc = 6; cmdline = /home/enrique/intel/oneapi/advisor/2022.3.0/bin64/advixe-runss -dump-vdso -r /home/enrique/intel/advixe/projects/lab1tarea2/e000/hs001 --tmp-dir /tmp/advixe-tmp-enrique 
54 [140399268472768] INFO perfrun.launcher <> - create msngr2::ICliToolContext
54 [140399268472768] INFO perfrun.launcher <> - create file finder object
54 [140399258957568] INFO perfrun.launcher <> - plugin [remoteplug] was disabled because it doesn't support the given collection type.
54 [140399258957568] INFO perfrun.launcher <> - plugin [system] was disabled because it doesn't support the given collection type.
54 [140399258957568] INFO perfrun.vdso <> - dumping [vdso] pseudomodule
57 [140399258957568] INFO perfrun.launcher <> - plugin [itt] was disabled because it doesn't support the given collection type.
57 [140399258957568] INFO perfrun.launcher <> - plugin [] was disabled because it doesn't support the given collection type.
57 [140399258957568] INFO perfrun.launcher <> - plugin [gpu] was disabled because it doesn't support the given collection type.
57 [140399258957568] INFO perfrun.launcher <> - plugin [] was disabled because it doesn't support the given collection type.
57 [140399258957568] INFO perfrun.launcher <> - plugin [] was disabled because it doesn't support the given collection type.
57 [140399258957568] INFO perfrun.launcher <> - plugin [] was disabled because it doesn't support the given collection type.
57 [140399258957568] INFO perfrun.launcher <> - plugin [mrte] was disabled because it doesn't support the given collection type.
57 [140399258957568] INFO perfrun.launcher <> - plugin [] was disabled because it doesn't support the given collection type.
57 [140399258957568] INFO perfrun.launcher <> - plugin [] was disabled because it doesn't support the given collection type.
57 [140399258957568] INFO perfrun.launcher <> - plugin [] was disabled because it doesn't support the given collection type.
57 [140399258957568] INFO perfrun.launcher <> - plugin [] was disabled because it doesn't support the given collection type.
57 [140399258957568] INFO perfrun.launcher <> - plugin [] was disabled because it doesn't support the given collection type.
57 [140399258957568] INFO perfrun.launcher <> - plugin [] was disabled because it doesn't support the given collection type.
57 [140399258957568] INFO perfrun.launcher <> - plugin [] was disabled because it doesn't support the given collection type.
57 [140399258957568] INFO perfrun.launcher <> - plugin [tpss] was disabled because it doesn't support the given collection type.
57 [140399258957568] INFO perfrun.launcher <> - plugin [] was disabled because it doesn't support the given collection type.
57 [140399258957568] INFO perfrun.launcher <> - plugin [] was disabled because it doesn't support the given collection type.
57 [140399258957568] INFO perfrun.launcher <> - plugin [] was disabled because it doesn't support the given collection type.
57 [140399258957568] INFO perfrun.launcher <> - plugin [] was disabled because it doesn't support the given collection type.
57 [140399258957568] INFO perfrun.launcher <> - plugin [] was disabled because it doesn't support the given collection type.
57 [140399258957568] INFO perfrun.launcher <> - plugin [] was disabled because it doesn't support the given collection type.
57 [140399258957568] INFO perfrun.launcher <> - plugin [] was disabled because it doesn't support the given collection type.
57 [140399258957568] INFO perfrun.launcher <> - plugin [] was disabled because it doesn't support the given collection type.
57 [140399258957568] INFO perfrun.launcher <> - plugin [] was disabled because it doesn't support the given collection type.
57 [140399268472768] INFO perfrun.launcher <> - Application exit code: 0
57 [140399268472768] INFO perfrun.launcher <> - Exit code: 0
