<?xml version="1.0" encoding="utf-8"?>
<log version="1.0" tool="runtool">

<msg id="1" tool="runtool">
  <type>log-start</type>
  <arg>2022/10/29 01:46:00</arg>
</msg>
<msg id="2" tool="runtool">
  <type>collector-starts</type>
</msg>
<msg id="3" tool="runtool">
  <type>marker-file</type>
  <arg>/home/enrique/intel/advixe/projects/lab1tarea2/e000/mp000/mp000.advixe</arg>
</msg>
<msg id="4" tool="tc">
  <type>START</type>
  <severity>INFO</severity>
  <timestamp>Sat Oct 29 01:46:01 2022</timestamp>
</msg>
<msg id="5" tool="tc">
  <type>EXEC_OF_INTEREST</type>
  <arg>/home/enrique/Desktop/lab1-bc-enriquealbalateprieto/src/ejecutable.exe</arg>
  <arg>8269</arg>
  <severity>INFO</severity>
  <timestamp>Sat Oct 29 01:46:01 2022</timestamp>
</msg>
<msg id="6" tool="tc">
  <type>LOAD_MODULE</type>
  <arg>/home/enrique/Desktop/lab1-bc-enriquealbalateprieto/src/ejecutable.exe</arg>
  <arg>0x563617a6e000</arg>
  <arg>0x563617a721a7</arg>
  <arg>1</arg>
  <severity>INFO</severity>
  <timestamp>Sat Oct 29 01:46:01 2022</timestamp>
</msg>
<msg id="7" tool="tc">
  <type>LOAD_MODULE</type>
  <arg>/lib64/ld-linux-x86-64.so.2</arg>
  <arg>0x7fbdde927000</arg>
  <arg>0x7fbdde95618f</arg>
  <arg>2</arg>
  <severity>INFO</severity>
  <timestamp>Sat Oct 29 01:46:01 2022</timestamp>
</msg>
<msg id="8" tool="tc">
  <type>LOAD_MODULE</type>
  <arg>[vdso]</arg>
  <arg>0x7ffc84d20000</arg>
  <arg>0x7ffc84d210eb</arg>
  <arg>3</arg>
  <severity>INFO</severity>
  <timestamp>Sat Oct 29 01:46:01 2022</timestamp>
</msg>
<msg id="9" tool="tc">
  <type>LOAD_MODULE</type>
  <arg>/lib/x86_64-linux-gnu/libgomp.so.1</arg>
  <arg>0x7fbdc7ff9000</arg>
  <arg>0x7fbdc803a92f</arg>
  <arg>4</arg>
  <severity>INFO</severity>
  <timestamp>Sat Oct 29 01:46:01 2022</timestamp>
</msg>
<msg id="10" tool="tc">
  <type>UNSUPPORTED_MODULE</type>
  <arg>GNU OpenMP Runtime module</arg>
  <severity>WARNING</severity>
  <timestamp>Sat Oct 29 01:46:01 2022</timestamp>
</msg>
<msg id="11" tool="tc">
  <type>LOAD_MODULE</type>
  <arg>/lib/x86_64-linux-gnu/libstdc++.so.6</arg>
  <arg>0x7fbdc7d73000</arg>
  <arg>0x7fbdc7f547ff</arg>
  <arg>5</arg>
  <severity>INFO</severity>
  <timestamp>Sat Oct 29 01:46:01 2022</timestamp>
</msg>
<msg id="12" tool="tc">
  <type>LOAD_MODULE</type>
  <arg>/lib/x86_64-linux-gnu/libm.so.6</arg>
  <arg>0x7fbdc7bd2000</arg>
  <arg>0x7fbdc7d2010f</arg>
  <arg>6</arg>
  <severity>INFO</severity>
  <timestamp>Sat Oct 29 01:46:01 2022</timestamp>
</msg>
<msg id="13" tool="tc">
  <type>LOAD_MODULE</type>
  <arg>/lib/x86_64-linux-gnu/libc.so.6</arg>
  <arg>0x7fbdc79bf000</arg>
  <arg>0x7fbdc7bb04d7</arg>
  <arg>7</arg>
  <severity>INFO</severity>
  <timestamp>Sat Oct 29 01:46:01 2022</timestamp>
</msg>
<msg id="14" tool="tc">
  <type>LOAD_MODULE</type>
  <arg>/lib/x86_64-linux-gnu/libdl.so.2</arg>
  <arg>0x7fbdc7d2b000</arg>
  <arg>0x7fbdc7d3010f</arg>
  <arg>8</arg>
  <severity>INFO</severity>
  <timestamp>Sat Oct 29 01:46:01 2022</timestamp>
</msg>
<msg id="15" tool="tc">
  <type>LOAD_MODULE</type>
  <arg>/lib/x86_64-linux-gnu/libpthread.so.0</arg>
  <arg>0x7fbdc7975000</arg>
  <arg>0x7fbdc7997477</arg>
  <arg>9</arg>
  <severity>INFO</severity>
  <timestamp>Sat Oct 29 01:46:01 2022</timestamp>
</msg>
<msg id="16" tool="tc">
  <type>LOAD_MODULE</type>
  <arg>/lib/x86_64-linux-gnu/libgcc_s.so.1</arg>
  <arg>0x7fbdc795a000</arg>
  <arg>0x7fbdc7974447</arg>
  <arg>10</arg>
  <severity>INFO</severity>
  <timestamp>Sat Oct 29 01:46:01 2022</timestamp>
</msg>
<msg id="17" tool="tc">
  <type>UNLOAD_MODULE</type>
  <arg>/home/enrique/Desktop/lab1-bc-enriquealbalateprieto/src/ejecutable.exe</arg>
  <arg>1</arg>
  <severity>INFO</severity>
  <timestamp>Sat Oct 29 01:46:02 2022</timestamp>
</msg>
<msg id="18" tool="tc">
  <type>UNLOAD_MODULE</type>
  <arg>/lib64/ld-linux-x86-64.so.2</arg>
  <arg>2</arg>
  <severity>INFO</severity>
  <timestamp>Sat Oct 29 01:46:02 2022</timestamp>
</msg>
<msg id="19" tool="tc">
  <type>UNLOAD_MODULE</type>
  <arg>[vdso]</arg>
  <arg>3</arg>
  <severity>INFO</severity>
  <timestamp>Sat Oct 29 01:46:02 2022</timestamp>
</msg>
<msg id="20" tool="tc">
  <type>UNLOAD_MODULE</type>
  <arg>/lib/x86_64-linux-gnu/libgomp.so.1</arg>
  <arg>4</arg>
  <severity>INFO</severity>
  <timestamp>Sat Oct 29 01:46:02 2022</timestamp>
</msg>
<msg id="21" tool="tc">
  <type>UNLOAD_MODULE</type>
  <arg>/lib/x86_64-linux-gnu/libstdc++.so.6</arg>
  <arg>5</arg>
  <severity>INFO</severity>
  <timestamp>Sat Oct 29 01:46:02 2022</timestamp>
</msg>
<msg id="22" tool="tc">
  <type>UNLOAD_MODULE</type>
  <arg>/lib/x86_64-linux-gnu/libm.so.6</arg>
  <arg>6</arg>
  <severity>INFO</severity>
  <timestamp>Sat Oct 29 01:46:02 2022</timestamp>
</msg>
<msg id="23" tool="tc">
  <type>UNLOAD_MODULE</type>
  <arg>/lib/x86_64-linux-gnu/libc.so.6</arg>
  <arg>7</arg>
  <severity>INFO</severity>
  <timestamp>Sat Oct 29 01:46:02 2022</timestamp>
</msg>
<msg id="24" tool="tc">
  <type>UNLOAD_MODULE</type>
  <arg>/lib/x86_64-linux-gnu/libdl.so.2</arg>
  <arg>8</arg>
  <severity>INFO</severity>
  <timestamp>Sat Oct 29 01:46:02 2022</timestamp>
</msg>
<msg id="25" tool="tc">
  <type>UNLOAD_MODULE</type>
  <arg>/lib/x86_64-linux-gnu/libpthread.so.0</arg>
  <arg>9</arg>
  <severity>INFO</severity>
  <timestamp>Sat Oct 29 01:46:02 2022</timestamp>
</msg>
<msg id="26" tool="tc">
  <type>UNLOAD_MODULE</type>
  <arg>/lib/x86_64-linux-gnu/libgcc_s.so.1</arg>
  <arg>10</arg>
  <severity>INFO</severity>
  <timestamp>Sat Oct 29 01:46:02 2022</timestamp>
</msg>
<msg id="27" tool="tc">
  <type>PROCESS_TERMINATE</type>
  <arg>/home/enrique/Desktop/lab1-bc-enriquealbalateprieto/src/ejecutable.exe</arg>
  <arg>8269</arg>
  <severity>INFO</severity>
  <timestamp>Sat Oct 29 01:46:02 2022</timestamp>
</msg>
<msg id="28" tool="tc">
  <type>NO_ANNOTATIONS</type>
  <severity>WARNING</severity>
  <timestamp>Sat Oct 29 01:46:02 2022</timestamp>
</msg>
<msg id="29" tool="tc">
  <type>ANALYSIS_COMPLETE</type>
  <severity>INFO</severity>
  <timestamp>Sat Oct 29 01:46:02 2022</timestamp>
</msg>
<msg id="30" tool="tc">
  <type>STOP</type>
  <severity>INFO</severity>
  <timestamp>Sat Oct 29 01:46:02 2022</timestamp>
</msg>
<msg id="31" tool="runtool">
  <type>app-exit-code</type>
  <arg>0</arg>
</msg>
<msg id="32" tool="runtool">
  <type>marker-file</type>
  <arg>/home/enrique/intel/advixe/projects/lab1tarea2/e000/mp000/mp000.advixe</arg>
</msg>
<msg id="33" tool="runtool">
  <type>collector-done</type>
</msg>
<msg id="34" tool="runtool">
  <type>log-end</type>
  <arg>2022/10/29 01:46:05</arg>
</msg>

</log>

